[2015-12-23 09:52:48.263] [INFO] area_school_major_plan - 
			<year>2012</year>
			<specialname>中医学</specialname>
			<maxfs>549</maxfs>
			<varfs>544</varfs>
			<pc>一批</pc>
			<stype>理科</stype>
		
[2015-12-23 09:52:48.289] [INFO] area_school_major_plan - 2012
[2015-12-23 09:52:48.292] [INFO] area_school_major_plan - 
			<year>2012</year>
			<specialname>针灸推拿学</specialname>
			<maxfs>530</maxfs>
			<varfs>527</varfs>
			<pc>一批</pc>
			<stype>理科</stype>
		
[2015-12-23 09:52:48.294] [INFO] area_school_major_plan - 2012
[2015-12-23 09:52:48.295] [INFO] area_school_major_plan - 
			<year>2012</year>
			<specialname>护理学</specialname>
			<maxfs>504</maxfs>
			<varfs>496</varfs>
			<pc>一批</pc>
			<stype>理科</stype>
		
[2015-12-23 09:52:48.297] [INFO] area_school_major_plan - 2012
[2015-12-23 09:52:48.297] [INFO] area_school_major_plan - 
			<year>2012</year>
			<specialname>中药学</specialname>
			<maxfs>536</maxfs>
			<varfs>516</varfs>
			<pc>一批</pc>
			<stype>理科</stype>
		
[2015-12-23 09:52:48.299] [INFO] area_school_major_plan - 2012
[2015-12-23 09:52:48.300] [INFO] area_school_major_plan - 
			<year>2011</year>
			<specialname>护理学</specialname>
			<maxfs>504</maxfs>
			<varfs>503</varfs>
			<pc>一批</pc>
			<stype>理科</stype>
		
[2015-12-23 09:52:48.302] [INFO] area_school_major_plan - 2011
[2015-12-23 09:52:48.304] [INFO] area_school_major_plan - 
			<year>2011</year>
			<specialname>中药学</specialname>
			<maxfs>518</maxfs>
			<varfs>511</varfs>
			<pc>一批</pc>
			<stype>理科</stype>
		
[2015-12-23 09:52:48.305] [INFO] area_school_major_plan - 2011
[2015-12-23 09:52:48.306] [INFO] area_school_major_plan - 
			<year>2011</year>
			<specialname>中医学</specialname>
			<maxfs>555</maxfs>
			<varfs>540</varfs>
			<pc>一批</pc>
			<stype>理科</stype>
		
[2015-12-23 09:52:48.307] [INFO] area_school_major_plan - 2011
[2015-12-23 09:52:48.308] [INFO] area_school_major_plan - 
			<year>2010</year>
			<specialname>中医学</specialname>
			<maxfs>580</maxfs>
			<varfs>567</varfs>
			<pc>一批</pc>
			<stype>理科</stype>
		
[2015-12-23 09:52:48.310] [INFO] area_school_major_plan - 2010
[2015-12-23 09:52:48.310] [INFO] area_school_major_plan - 
			<year>2010</year>
			<specialname>中药学</specialname>
			<maxfs>562</maxfs>
			<varfs>562</varfs>
			<pc>一批</pc>
			<stype>理科</stype>
		
[2015-12-23 09:52:48.312] [INFO] area_school_major_plan - 2010
[2015-12-23 09:52:48.315] [INFO] area_school_major_plan - 
			<year>2010</year>
			<specialname>护理学</specialname>
			<maxfs>543</maxfs>
			<varfs>539</varfs>
			<pc>一批</pc>
			<stype>理科</stype>
		
[2015-12-23 09:52:48.316] [INFO] area_school_major_plan - 2010
[2015-12-23 09:52:48.317] [INFO] area_school_major_plan - 
			<year>2009</year>
			<specialname>中药学</specialname>
			<maxfs>543</maxfs>
			<varfs>532</varfs>
			<pc>一批</pc>
			<stype>理科</stype>
		
[2015-12-23 09:52:48.320] [INFO] area_school_major_plan - 2009
[2015-12-23 09:52:48.322] [INFO] area_school_major_plan - 
			<year>2009</year>
			<specialname>中医学</specialname>
			<maxfs>574</maxfs>
			<varfs>548</varfs>
			<pc>一批</pc>
			<stype>理科</stype>
		
[2015-12-23 09:52:48.324] [INFO] area_school_major_plan - 2009
[2015-12-23 09:52:48.325] [INFO] area_school_major_plan - 
			<year>2009</year>
			<specialname>药学类（中外）</specialname>
			<maxfs>533</maxfs>
			<varfs>528</varfs>
			<pc>一批</pc>
			<stype>理科</stype>
		
[2015-12-23 09:52:48.326] [INFO] area_school_major_plan - 2009
[2015-12-23 09:52:48.328] [INFO] area_school_major_plan - 
			<year>2008</year>
			<specialname>针灸推拿学</specialname>
			<maxfs>561</maxfs>
			<varfs>561</varfs>
			<pc>一批</pc>
			<stype>理科</stype>
		
[2015-12-23 09:52:48.329] [INFO] area_school_major_plan - 2008
[2015-12-23 09:52:48.330] [INFO] area_school_major_plan - 
			<year>2008</year>
			<specialname>康复治疗学</specialname>
			<maxfs>572</maxfs>
			<varfs>570</varfs>
			<pc>一批</pc>
			<stype>理科</stype>
		
[2015-12-23 09:52:48.332] [INFO] area_school_major_plan - 2008
[2015-12-23 09:52:48.333] [INFO] area_school_major_plan - 
			<year>2008</year>
			<specialname>中医学</specialname>
			<maxfs>608</maxfs>
			<varfs>582</varfs>
			<pc>一批</pc>
			<stype>理科</stype>
		
[2015-12-23 09:52:48.336] [INFO] area_school_major_plan - 2008
[2015-12-23 09:52:48.338] [INFO] area_school_major_plan - 
			<year>2008</year>
			<specialname>中药学</specialname>
			<maxfs>572</maxfs>
			<varfs>566</varfs>
			<pc>一批</pc>
			<stype>理科</stype>
		
[2015-12-23 09:52:48.356] [INFO] area_school_major_plan - 2008
[2015-12-23 09:52:48.358] [INFO] area_school_major_plan - 
			<year>2008</year>
			<specialname>公共事业管理</specialname>
			<maxfs>567</maxfs>
			<varfs>567</varfs>
			<pc>一批</pc>
			<stype>理科</stype>
		
[2015-12-23 09:52:48.362] [INFO] area_school_major_plan - 2008
